[05/Jun/2015 14:53:49] "GET / HTTP/1.1" 200 5289
[05/Jun/2015 14:53:53] "GET /applogic/?searchValue=user+list HTTP/1.1" 200 1063
[05/Jun/2015 14:53:57] "GET /applogic/?searchValue=user+sync HTTP/1.1" 200 1594
[05/Jun/2015 14:54:00] "POST /applogic/ HTTP/1.1" 200 84
[05/Jun/2015 14:54:12] "GET /applogic/?searchValue=stop+server HTTP/1.1" 200 465
Exception AttributeError: AttributeError("'_DummyThread' object has no attribute '_Thread__block'",) in <module 'threading' from '/opt/local/software/hyperic/utils/python2.7/lib/python2.7/threading.pyc'> ignored
[05/Jun/2015 14:54:38] "POST /applogic/ HTTP/1.1" 200 140
[05/Jun/2015 14:54:45] "GET /applogic/?searchValue=start+server HTTP/1.1" 200 466
Exception AttributeError: AttributeError("'_DummyThread' object has no attribute '_Thread__block'",) in <module 'threading' from '/opt/local/software/hyperic/utils/python2.7/lib/python2.7/threading.pyc'> ignored
[05/Jun/2015 14:54:47] "POST /applogic/ HTTP/1.1" 200 22
[05/Jun/2015 14:55:49] "GET /applogic/?searchValue=status+server HTTP/1.1" 200 467
Exception AttributeError: AttributeError("'_DummyThread' object has no attribute '_Thread__block'",) in <module 'threading' from '/opt/local/software/hyperic/utils/python2.7/lib/python2.7/threading.pyc'> ignored
[05/Jun/2015 14:55:50] "POST /applogic/ HTTP/1.1" 200 34
[05/Jun/2015 14:59:46] "GET /logout?submit=logout HTTP/1.1" 301 0
[05/Jun/2015 14:59:46] "GET /logout/?submit=logout HTTP/1.1" 302 0
[05/Jun/2015 14:59:46] "GET / HTTP/1.1" 200 972
[05/Jun/2015 14:59:46] "GET /resources/media/images/Hyperic_Search.jpg HTTP/1.1" 200 10319
[05/Jun/2015 15:02:46] "GET / HTTP/1.1" 200 972
[05/Jun/2015 15:02:55] "POST / HTTP/1.1" 200 5289
[05/Jun/2015 15:02:55] "GET /resources/media/css/jquery.dataTables.css HTTP/1.1" 200 4479
[05/Jun/2015 15:02:55] "GET /resources/media/css/demo_page.css HTTP/1.1" 200 1447
[05/Jun/2015 15:02:55] "GET /resources/media/js/jquery.js HTTP/1.1" 200 93867
[05/Jun/2015 15:02:56] "GET /resources/media/js/jquery.dataTables.js HTTP/1.1" 200 361238
[05/Jun/2015 15:03:03] "GET /applogic?searchValue=status+server HTTP/1.1" 301 0
[05/Jun/2015 15:03:04] "GET /applogic/?searchValue=status+server HTTP/1.1" 200 467
Exception AttributeError: AttributeError("'_DummyThread' object has no attribute '_Thread__block'",) in <module 'threading' from '/opt/local/software/hyperic/utils/python2.7/lib/python2.7/threading.pyc'> ignored
[05/Jun/2015 15:03:08] "POST /applogic/ HTTP/1.1" 200 34
[05/Jun/2015 15:03:17] "GET /applogic?searchValue=ps+command+server HTTP/1.1" 301 0
[05/Jun/2015 15:03:17] "GET /applogic/?searchValue=ps+command+server HTTP/1.1" 200 471
Exception AttributeError: AttributeError("'_DummyThread' object has no attribute '_Thread__block'",) in <module 'threading' from '/opt/local/software/hyperic/utils/python2.7/lib/python2.7/threading.pyc'> ignored
Validating models...

0 errors found
June 05, 2015 - 14:53:38
Django version 1.6.dev20150605194810, using settings 'hyperic_GUI.settings'
Development server is running at http://0.0.0.0:8000/
Quit the server with CONTROL-C.
http://localhost:7080/hqu/hqapi1/user/list.hqu?

http://localhost:7080/hqu/hqapi1/user/list.hqu?

{}
http://localhost:7080/hqu/hqapi1/user/list.hqu?

http://localhost:7080/hqu/hqapi1/user/list.hqu?

{}
http://localhost:7080/hqu/hqapi1/user/sync.hqu?

http://localhost:7080/hqu/hqapi1/user/sync.hqu?

<?xml version="1.0" ?>
<UsersResponse>
	<Status>Success</Status>
	<User SMSAddress="" active="false" department="" emailAddress="vinod.halaharvi@rtpnet.net" firstName="Guest" htmlEmail="false" id="2" lastName="User" name="guest" passwordHash="" phoneNumber=""></User>
	<User SMSAddress="" active="true" department="" emailAddress="hqadmin@csxt.csx.com" firstName="HQ" htmlEmail="false" id="1" lastName="Administrator" name="hqadmin" passwordHash="dJNCRpa5+Oh/hyDmFoeaKohplNk+RFl9lXSieIOxvPE=" phoneNumber=""></User>
	<User SMSAddress="" active="false" department="" emailAddress="vinod.halaharvi@gmail.com" firstName="hypersuper" htmlEmail="false" id="10004" lastName="hypersuper" name="hypersuper" passwordHash="BigpFUmM8ArK7Lemi1k9DsJ9tSX0RFAo2sExWfY99QI=" phoneNumber=""></User>
	<User SMSAddress="" active="false" department="" emailAddress="halavin@iit.edu" firstName="HQ" htmlEmail="false" id="10002" lastName="Agent" name="testuser" passwordHash="ZhlQAXB5UW4VEPJ5BUo7tvYk6gv+NA7qY0vW9qlHoQA=" phoneNumber=""></User>
</UsersResponse>

<?xml version="1.0" ?>
<UsersResponse>
	<Status>Success</Status>
	<User SMSAddress="" active="false" department="" emailAddress="vinod.halaharvi@rtpnet.net" firstName="Guest" htmlEmail="false" id="2" lastName="User" name="guest" passwordHash="" phoneNumber=""></User>
	<User SMSAddress="" active="true" department="" emailAddress="hqadmin@csxt.csx.com" firstName="HQ" htmlEmail="false" id="1" lastName="Administrator" name="hqadmin" passwordHash="dJNCRpa5+Oh/hyDmFoeaKohplNk+RFl9lXSieIOxvPE=" phoneNumber=""></User>
	<User SMSAddress="" active="false" department="" emailAddress="vinod.halaharvi@gmail.com" firstName="hypersuper" htmlEmail="false" id="10004" lastName="hypersuper" name="hypersuper" passwordHash="BigpFUmM8ArK7Lemi1k9DsJ9tSX0RFAo2sExWfY99QI=" phoneNumber=""></User>
	<User SMSAddress="" active="false" department="" emailAddress="halavin@iit.edu" firstName="HQ" htmlEmail="false" id="10002" lastName="Agent" name="testuser" passwordHash="ZhlQAXB5UW4VEPJ5BUo7tvYk6gv+NA7qY0vW9qlHoQA=" phoneNumber=""></User>
</UsersResponse>

('text/html', u'<?xml version="1.0" ?>\n<StatusResponse>\n\t<Status>Success</Status>\n</StatusResponse>\n')
RUNNING COMMAND .. 
sh /opt/local/software/hyperic/server-5.7.1-EE/bin/hq-server.sh stop
('text/html', 'Stopping HQ Server...\nWaiting for HQ Server to exit...\nWaiting for HQ Server to exit...\nWaiting for HQ Server to exit...\nStopped HQ Server.\n')
RUNNING COMMAND .. 
sh /opt/local/software/hyperic/server-5.7.1-EE/bin/hq-server.sh start
('text/html', 'Starting HQ Server...\n')
RUNNING COMMAND .. 
sh /opt/local/software/hyperic/server-5.7.1-EE/bin/hq-server.sh status
('text/html', 'HQ Server is running (PID:19989).\n')
RUNNING COMMAND .. 
sh /opt/local/software/hyperic/server-5.7.1-EE/bin/hq-server.sh status
('text/html', 'HQ Server is running (PID:19989).\n')
RUNNING COMMAND .. 
ps -ef
('text/html', 'UID        PID  PPID  C STIME TTY          TIME CMD\nroot         1     0  0 May25 ?        00:00:00 init [3]                                                       \nroot         2     1  0 May25 ?        00:00:00 [migration/0]\nroot         3     1  0 May25 ?        00:00:00 [ksoftirqd/0]\nroot         4     1  0 May25 ?        00:00:00 [migration/1]\nroot         5     1  0 May25 ?        00:00:00 [ksoftirqd/1]\nroot         6     1  0 May25 ?        00:00:00 [events/0]\nroot         7     1  0 May25 ?        00:00:00 [events/1]\nroot         8     1  0 May25 ?        00:00:00 [khelper]\nroot        49     1  0 May25 ?        00:00:00 [kthread]\nroot        54    49  0 May25 ?        00:00:00 [kblockd/0]\nroot        55    49  0 May25 ?        00:00:00 [kblockd/1]\nroot        56    49  0 May25 ?        00:00:00 [kacpid]\nroot       217    49  0 May25 ?        00:00:00 [cqueue/0]\nroot       218    49  0 May25 ?        00:00:00 [cqueue/1]\nroot       221    49  0 May25 ?        00:00:00 [khubd]\nroot       223    49  0 May25 ?        00:00:00 [kseriod]\nroot       297    49  0 May25 ?        00:00:00 [khungtaskd]\nroot       300    49  0 May25 ?        00:07:28 [kswapd0]\nroot       301    49  0 May25 ?        00:00:00 [aio/0]\nroot       302    49  0 May25 ?        00:00:00 [aio/1]\nroot       508    49  0 May25 ?        00:00:00 [kpsmoused]\nroot       549    49  0 May25 ?        00:00:00 [mpt_poll_0]\nroot       550    49  0 May25 ?        00:00:00 [mpt/0]\nroot       551    49  0 May25 ?        00:00:00 [scsi_eh_0]\nroot       555    49  0 May25 ?        00:00:00 [ata/0]\nroot       556    49  0 May25 ?        00:00:00 [ata/1]\nroot       557    49  0 May25 ?        00:00:00 [ata_aux]\nroot       564    49  0 May25 ?        00:00:00 [kstriped]\nroot       577    49  0 May25 ?        00:00:00 [ksnapd]\nroot       601    49  0 May25 ?        00:00:00 [kjournald]\nroot       626    49  0 May25 ?        00:00:00 [kauditd]\nroot       659     1  0 May25 ?        00:00:00 /sbin/udevd -d\nroot      2012    49  0 May25 ?        00:00:00 [kmpathd/0]\nroot      2013    49  0 May25 ?        00:00:00 [kmpathd/1]\nroot      2014    49  0 May25 ?        00:00:00 [kmpath_handlerd]\nroot      2099    49  0 May25 ?        00:00:00 [kjournald]\nroot      2105    49  0 May25 ?        00:00:12 [kjournald]\nroot      2108    49  0 May25 ?        00:00:00 [kjournald]\nroot      2111    49  0 May25 ?        00:00:00 [kjournald]\nroot      2122    49  0 May25 ?        00:00:00 [kjournald]\nroot      2127    49  0 May25 ?        00:00:00 [kjournald]\nroot      2134    49  0 May25 ?        00:00:00 [kjournald]\nroot      2138    49  0 May25 ?        00:00:00 [kjournald]\nroot      2144    49  0 May25 ?        00:00:00 [kjournald]\nroot      2150    49  0 May25 ?        00:00:02 [kjournald]\nroot      2156    49  0 May25 ?        00:00:00 [kjournald]\nroot      2161    49  0 May25 ?        00:00:00 [kjournald]\nroot      2164    49  0 May25 ?        00:00:01 [kjournald]\nroot      2169    49  0 May25 ?        00:00:00 [kjournald]\nroot      2636    49  0 May25 ?        00:00:00 [vmmemctl]\nroot      2798     1  0 May25 ?        00:00:02 /usr/sbin/vmtoolsd\nroot      2958    49  0 May25 ?        00:00:00 [iscsi_eh]\nroot      3015    49  0 May25 ?        00:00:00 [ib_addr]\nroot      3025    49  0 May25 ?        00:00:00 [ib_mcast]\nroot      3026    49  0 May25 ?        00:00:00 [ib_inform]\nroot      3028    49  0 May25 ?        00:00:00 [local_sa]\nroot      3031    49  0 May25 ?        00:00:00 [iw_cm_wq]\nroot      3035    49  0 May25 ?        00:00:00 [ib_cm/0]\nroot      3036    49  0 May25 ?        00:00:00 [ib_cm/1]\nroot      3040    49  0 May25 ?        00:00:00 [rdma_cm]\nroot      3058     1  0 May25 ?        00:00:00 brcm_iscsiuio\nroot      3063     1  0 May25 ?        00:00:00 iscsid\nroot      3064     1  0 May25 ?        00:00:00 iscsid\nroot      3385     1  0 May25 ?        00:00:02 syslogd -m 0\nroot      3389     1  0 May25 ?        00:00:00 klogd -x\nroot      3403     1  0 May25 ?        00:00:01 irqbalance\ndaemon    3418  3734  0 May27 ?        00:00:39 /opt/quest/sbin/vasd -p /var/opt/quest/vas/vasd/.vasd.pid\ndaemon    3419  3734  0 May27 ?        00:00:06 /opt/quest/sbin/vasd -p /var/opt/quest/vas/vasd/.vasd.pid\nrpc       3434     1  0 May25 ?        00:00:00 portmap\nroot      3464    49  0 May25 ?        00:00:00 [rpciod/0]\nroot      3465    49  0 May25 ?        00:00:00 [rpciod/1]\nrpcuser   3473     1  0 May25 ?        00:00:00 rpc.statd\nroot      3505     1  0 May25 ?        00:00:00 rpc.idmapd\nroot      3532     1  0 May25 ?        00:00:00 /opt/VRTSpbx/bin/pbx_exchange\ndbus      3550     1  0 May25 ?        00:00:07 dbus-daemon --system\nroot      3596     1  0 May25 ?        00:00:00 /usr/sbin/acpid\n68        3609     1  0 May25 ?        00:00:01 hald\nroot      3610  3609  0 May25 ?        00:00:00 hald-runner\n68        3617  3610  0 May25 ?        00:00:00 hald-addon-acpi: listening on acpid socket /var/run/acpid.socket\n68        3623  3610  0 May25 ?        00:00:00 hald-addon-keyboard: listening on /dev/input/event0\nroot      3631  3610  0 May25 ?        00:00:01 hald-addon-storage: polling /dev/hdc\nroot      3671     1  0 May25 ?        00:00:00 /usr/bin/hidd --server\nroot      3711     1  0 May25 ?        00:00:00 /opt/quest/sbin/vasypd -p /var/opt/quest/vas/vasypd/.vasypd.pid\ndaemon    3712  3711  0 May25 ?        00:00:10 /opt/quest/sbin/vasypd -p /var/opt/quest/vas/vasypd/.vasypd.pid\nroot      3734     1  0 May25 ?        00:02:07 /opt/quest/sbin/vasd -p /var/opt/quest/vas/vasd/.vasd.pid\nroot      3752     1  0 May25 ?        00:00:00 ypbind\nroot      3783     1  0 May25 ?        00:00:01 automount\nroot      3822     1  0 May25 ?        00:00:00 /opt/quest/sbin/vasgpd -p /var/opt/quest/vgp/vasgpd/.vasgpd.pid\nroot      3837     1  0 May25 ?        00:00:00 /usr/sbin/snmpd -Lsd -Lf /dev/null -p /var/run/snmpd.pid -a\nroot      3854     1  0 May25 ?        00:00:00 /usr/sbin/sshd\nroot      3871     1  0 May25 ?        00:00:00 xinetd -stayalive -pidfile /var/run/xinetd.pid\nntp       3891     1  0 May25 ?        00:00:00 ntpd -u ntp:ntp -p /var/run/ntpd.pid\nroot      3907     1  0 May25 ?        00:00:00 /usr/sbin/vsftpd /etc/vsftpd/vsftpd.conf\nroot      3917     1  0 May25 ?        00:00:00 /usr/openv/netbackup/bin/vnetd -standalone\nroot      3920     1  0 May25 ?        00:00:00 /usr/openv/netbackup/bin/bpcd -standalone\nroot      3967     1  0 May25 ?        00:00:00 sendmail: accepting connections\nsmmsp     3975     1  0 May25 ?        00:00:00 sendmail: Queue runner@01:00:00 for /var/spool/clientmqueue\nroot      3989     1  0 May25 ?        00:00:00 gpm -m /dev/input/mice -t exps2\nroot      4003     1  0 May25 ?        00:00:06 /usr/bin/python /usr/sbin/osad --pid-file /var/run/osad.pid\nroot      4016     1  0 May25 ?        00:00:00 crond\nroot      4111     1  0 May25 ?        00:00:00 /opt/local/software/ionix/InCharge8/SAM/smarts/bin/system/sm_logerror 3\nroot      4113     1  0 May25 ?        00:00:00 sm_serviced --daemon --db=/var/smarts/sm_serviced.db --errlevel=notice --loglevel=notice --output\nroot      4189  4113  0 May25 ?        00:21:12 sm_adapter --name=HQ45TESTING-HYPERIC-SYSLOG --rserver=HQ45TESTING-HYPERIC-OI --tail=/var/log/smarts.log --port=32982 --model=sm_system --model=sm_actions --output=HQ45TESTING-HYPERIC-SYSLOG.log icoi-syslog/Notif-SysLog_mgr-CSX.asl\nroot      4285  4189  0 May25 ?        00:00:00 /opt/local/software/ionix/InCharge8/SAM/smarts/bin/system/sm_logerror 3\nxfs       4447     1  0 May25 ?        00:00:00 xfs -droppriv -daemon\nroot      4473     1  0 May25 ?        00:00:00 /usr/sbin/atd\nroot      4487     1  0 May25 ?        00:00:00 rhnsd --interval 240\navahi     4513     1  0 May25 ?        00:00:03 avahi-daemon: running [lnx40014.local]\navahi     4515  4513  0 May25 ?        00:00:00 avahi-daemon: chroot helper\nroot      4530  4189  0 May25 ?        00:00:00 /opt/local/software/ionix/InCharge8/SAM/smarts/bin/system/sm_authority\nroot      4532  4530  0 May25 ?        00:00:00 /opt/local/software/ionix/InCharge8/SAM/smarts/bin/system/sm_logerror 3\nroot      4591     1  0 May25 ?        00:00:25 /usr/bin/python -tt /usr/sbin/yum-updatesd\nroot      4597     1  0 May25 ?        00:00:00 /usr/libexec/gam_server\nroot      4656     1  0 May25 tty1     00:00:00 /sbin/mingetty tty1\nroot      4657     1  0 May25 tty2     00:00:00 /sbin/mingetty tty2\nroot      4659     1  0 May25 tty3     00:00:00 /sbin/mingetty tty3\nroot      4660     1  0 May25 tty4     00:00:00 /sbin/mingetty tty4\nroot      4661     1  0 May25 tty5     00:00:00 /sbin/mingetty tty5\nroot      4680     1  0 May25 tty6     00:00:00 /sbin/mingetty tty6\nroot      4899    49  0 May25 ?        00:00:00 [nfsiod]\nhyperic   5279     1  0 May25 ?        00:00:00 SCREEN -S smarts_reporting\nhyperic   5280  5279  0 May25 pts/3    00:00:00 /bin/bash\nhyperic   5286  5279  0 May25 pts/4    00:00:00 /bin/bash\nhyperic   5292  5279  0 May25 pts/5    00:00:00 /bin/bash\nhyperic   6023  5280  0 May25 pts/3    00:00:02 vim\nhyperic   7334  5279  0 May25 pts/6    00:00:00 /bin/bash\nroot     18241    49  0 14:19 ?        00:00:00 [pdflush]\nroot     18242    49  0 14:19 ?        00:00:00 [pdflush]\nhyperic  19570     1  0 14:53 ?        00:00:00 sh kickstart.sh\nhyperic  19571 19570  0 14:53 ?        00:00:00 /opt/local/software/hyperic/utils/python2.7/bin/python manage.py runserver 0.0.0.0:8000\nhyperic  19574 19571  0 14:53 ?        00:00:01 /opt/local/software/hyperic/utils/python2.7/bin/python manage.py runserver 0.0.0.0:8000\nhyperic  19989     1  0 14:54 ?        00:00:00 /opt/local/software/hyperic/server-5.7.1-EE/wrapper/sbin/../../wrapper/sbin/wrapper-linux-x86-64 /opt/local/software/hyperic/server-5.7.1-EE/wrapper/sbin/../../conf/wrapper.conf set.SERVER_INSTALL_HOME=/opt/local/software/hyperic/server-5.7.1-EE set.JAVA_HOME=/opt/local/software/hyperic/server-5.7.1-EE/jre wrapper.syslog.ident=hq-server wrapper.pidfile=/opt/local/software/hyperic/server-5.7.1-EE/wrapper/sbin/../../wrapper/hq-server.pid wrapper.name=hq-server wrapper.displayname=HQ Server wrapper.daemonize=TRUE\nhyperic  19991 19989  0 14:54 ?        00:00:04 /opt/local/software/hyperic/server-5.7.1-EE/jre/bin/java -Xmx128m -Dserver.home=/opt/local/software/hyperic/server-5.7.1-EE -Dengine.home=/opt/local/software/hyperic/server-5.7.1-EE/hq-engine -Djava.library.path=%LD_LIBRARY_PATH%:../../wrapper/lib -classpath ../../lib/activation-1.1.jar:../../lib/activeio-core-3.1.2.jar:../../lib/activemq-all-5.3.0.jar:../../lib/activemq-core-5.3.0.jar:../../lib/activemq-pool-5.3.0.jar:../../lib/activemq-protobuf-1.0.jar:../../lib/amqp-client-2.5.0.jar:../../lib/ant-1.7.1.jar:../../lib/ant-apache-log4j-1.7.1.jar:../../lib/ant-contrib-1.0b2.jar:../../lib/ant-launcher-1.7.1.jar:../../lib/ant-launcher.jar:../../lib/ant.jar:../../lib/antlr-2.7.6.jar:../../lib/aopalliance-1.0.jar:../../lib/asm-1.5.3.jar:../../lib/asm-attrs-1.5.3.jar:../../lib/aspectjrt-1.6.8.jar:../../lib/aspectjweaver-1.6.8.jar:../../lib/backport-util-concurrent-3.1.jar:../../lib/bsh-2.0b4.jar:../../lib/cglib-2.1_3.jar:../../lib/cm-file-monitor-1.0.1.jar:../../lib/cm-versioncontrol-1.0.1.jar:../../lib/commons-beanutils-1.7.0.jar:../../lib/commons-codec-1.4.jar:../../lib/commons-collections-2.1.1.jar:../../lib/commons-digester-1.6.jar:../../lib/commons-io-1.4.jar:../../lib/commons-lang-2.5.jar:../../lib/commons-logging-1.0.4.jar:../../lib/commons-logging-api-1.1.jar:../../lib/commons-net-2.0.jar:../../lib/commons-pool-1.4.jar:../../lib/commons-validator-1.3.1.jar:../../lib/dom4j-1.6.1.jar:../../lib/ehcache-1.5.0.jar:../../lib/freemarker-2.3.4.jar:../../lib/geronimo-j2ee-management_1.0_spec-1.1.jar:../../lib/geronimo-j2ee-management_1.1_spec-1.0.1.jar:../../lib/geronimo-jms_1.1_spec-1.1.1.jar:../../lib/geronimo-jta_1.0.1B_spec-1.0.1.jar:../../lib/getopt-1.0.13.jar:../../lib/groovy-all-1.7.0.jar:../../lib/hibernate-3.2.6.ga.jar:../../lib/hibernate-tools-3.2.3.GA.jar:../../lib/hq-bootstrap-5.7.1.jar:../../lib/hq-common-5.7.1.jar:../../lib/hq-installer-5.7.1.jar:../../lib/hq-lather-5.7.1.jar:../../lib/hq-pdk-5.7.1.jar:../../lib/hq-server-5.7.1.jar:../../lib/hq-util-5.7.1.jar:../../lib/hqee-bootstrap-5.7.1.jar:../../lib/httpclient-4.1.1.jar:../../lib/httpcore-4.1.jar:../../lib/icu4j-3.8.jar:../../lib/jasypt-1.8.jar:../../lib/jaxb-api-2.1.jar:../../lib/jaxb-impl-2.1.3.jar:../../lib/jboss-common-logging-spi-2.0.4.GA.jar:../../lib/jboss-remoting-2.2.2.SP8.jar:../../lib/jcl-over-slf4j-1.6.1.jar:../../lib/jdom-1.1.jar:../../lib/jline-0.9.94.jar:../../lib/jms-1.1.jar:../../lib/jpathwatch-0-94.jar:../../lib/jsch-0.1.42.jar:../../lib/json-20090211.jar:../../lib/jsr107cache-1.0.jar:../../lib/jtidy-r8-20060801.jar:../../lib/jug-2.0.0-asl.jar:../../lib/juli-6.0.32.jar:../../lib/kahadb-5.3.0.jar:../../lib/log4j-1.2.14.jar:../../lib/mail-1.4.jar:../../lib/mysql-connector-java-5.1.10.jar:../../lib/mysql-connector-java-commercial-5.1.10.jar:../../lib/ojdbc5-11.2.0.2.0.jar:../../lib/org.eclipse.jgit-1.0.0.201106090707-r.jar:../../lib/org.eclipse.jgit.junit-1.0.0.201106090707-r.jar:../../lib/org.springframework.roo.file.monitor-1.0.2.RELEASE.jar:../../lib/org.springframework.roo.file.monitor.polling-1.0.2.RELEASE.jar:../../lib/org.springframework.roo.support-1.0.2.RELEASE.jar:../../lib/oro-2.0.8.jar:../../lib/postgresql-9.1-901-A.jdbc4.jar:../../lib/quartz-1.7.2.jar:../../lib/quartz-oracle-1.7.2.jar:../../lib/serializer-2.7.1.jar:../../lib/sigar-1.6.6.jar:../../lib/slf4j-api-1.6.1.jar:../../lib/slf4j-log4j12-1.6.1.jar:../../lib/snmp4j-1.11.jar:../../lib/spring-amqp-1.0.0.RELEASE.jar:../../lib/spring-aop-3.0.5.RELEASE.jar:../../lib/spring-asm-3.0.5.RELEASE.jar:../../lib/spring-beans-3.0.5.RELEASE.jar:../../lib/spring-context-3.0.5.RELEASE.jar:../../lib/spring-context-support-3.0.5.RELEASE.jar:../../lib/spring-core-3.0.5.RELEASE.jar:../../lib/spring-expression-3.0.3.RELEASE.jar:../../lib/spring-integration-amqp-2.1.0.RELEASE.jar:../../lib/spring-integration-core-2.1.0.RELEASE.jar:../../lib/spring-integration-file-2.1.0.RELEASE.jar:../../lib/spring-jdbc-3.0.5.RELEASE.jar:../../lib/spring-jms-3.0.5.RELEASE.jar:../../lib/spring-orm-3.0.5.RELEASE.jar:../../lib/spring-oxm-3.0.5.RELEASE.jar:../../lib/spring-rabbit-1.0.0.RELEASE.jar:../../lib/spring-securi\nhyperic  20026 19991 22 14:54 ?        00:01:53 /opt/local/software/hyperic/server-5.7.1-EE/jre/bin/java -cp /opt/local/software/hyperic/server-5.7.1-EE/hq-engine/hq-server/bin/tomcat-juli.jar:/opt/local/software/hyperic/server-5.7.1-EE/hq-engine/tomcat-6.0.35.A.RELEASE/bin/bootstrap.jar -Djava.awt.headless=true -XX:MaxPermSize=192m -Xmx8g -Xms8g -XX:+HeapDumpOnOutOfMemoryError -XX:SurvivorRatio=12 -XX:+UseConcMarkSweepGC -XX:+UseCompressedOops -Xmn4g -Dserver.home=/opt/local/software/hyperic/server-5.7.1-EE -Dcatalina.config=file:/opt/local/software/hyperic/server-5.7.1-EE/hq-engine/hq-server/conf/hq-catalina.properties -Dcom.sun.management.jmxremote -Djava.endorsed.dirs/opt/local/software/hyperic/server-5.7.1-EE/hq-engine/tomcat-6.0.35.A.RELEASE/common/endorsed -Dcatalina.base=/opt/local/software/hyperic/server-5.7.1-EE/hq-engine/hq-server -Dcatalina.home=/opt/local/software/hyperic/server-5.7.1-EE/hq-engine/tomcat-6.0.35.A.RELEASE -Djava.io.tmpdir=/opt/local/software/hyperic/server-5.7.1-EE/hq-engine/hq-server/temp -Djava.util.logging.manager=com.springsource.tcserver.serviceability.logging.TcServerLogManager -Dorg.apache.coyote.USE_CUSTOM_STATUS_MSG_IN_HEADER=true org.apache.catalina.startup.Bootstrap start\nhyperic  20885 19574  0 15:03 ?        00:00:00 ps -ef\nroot     26366     1  0 Jun03 ?        00:00:00 [lockd]\nroot     29495     1  0 Jun03 ?        00:00:02 /opt/emc/hyperic/hyperic-hqee-agent-4.5.2/wrapper/sbin/../../wrapper/sbin/wrapper-linux-x86-64 /opt/emc/hyperic/hyperic-hqee-agent-4.5.2/wrapper/sbin/../../conf/wrapper.conf wrapper.syslog.ident=hq-agent wrapper.pidfile=/opt/emc/hyperic/hyperic-hqee-agent-4.5.2/wrapper/sbin/../../wrapper/hq-agent.pid wrapper.name=hq-agent wrapper.displayname=HQ Agent wrapper.daemonize=TRUE wrapper.lockfile=/var/lock/subsys/hq-agent\nroot     29497 29495  3 Jun03 ?        01:46:03 /opt/emc/hyperic/hyperic-hqee-agent-4.5.2/jre/bin/java -Djava.compiler=NONE -Djava.security.auth.login.config=../../bundles/agent-4.5.2/jaas.config -Xmx128m -Djava.net.preferIPv4Stack=true -Dagent.install.home=../.. -Dagent.bundle.home=../../bundles/agent-4.5.2 -Dsun.net.inetaddr.ttl=60 -Djava.library.path=%LD_LIBRARY_PATH%:../../wrapper/lib -classpath ../../bundles/agent-4.5.2/lib/hqee-agent-core-4.5.2.jar:../../bundles/agent-4.5.2/lib/concurrent-1.3.2.jar:../../bundles/agent-4.5.2/lib/jboss-common-4.2.3.GA.jar:../../bundles/agent-4.5.2/lib/hq-agent-core-4.5.2.jar:../../bundles/agent-4.5.2/lib/hq-lather-4.5.2.jar:../../bundles/agent-4.5.2/pdk/lib/getopt-1.0.13.jar:../../bundles/agent-4.5.2/pdk/lib/xpp3_min-1.1.4c.jar:../../bundles/agent-4.5.2/pdk/lib/spring-aop-3.0.5.RELEASE.jar:../../bundles[05/Jun/2015 15:03:18] "POST /applogic/ HTTP/1.1" 200 20192
[05/Jun/2015 15:06:40] "GET /logout?submit=logout HTTP/1.1" 301 0
[05/Jun/2015 15:06:40] "GET /logout/?submit=logout HTTP/1.1" 302 0
[05/Jun/2015 15:06:40] "GET / HTTP/1.1" 200 972
[08/Jun/2015 20:39:04] "GET / HTTP/1.1" 200 972
[08/Jun/2015 20:39:04] "GET /resources/media/images/Hyperic_Search.jpg HTTP/1.1" 304 0
[08/Jun/2015 20:39:35] "POST / HTTP/1.1" 200 49
[08/Jun/2015 20:39:37] "GET / HTTP/1.1" 200 972
[08/Jun/2015 20:39:47] "POST / HTTP/1.1" 200 5289
[08/Jun/2015 20:39:47] "GET /resources/media/css/demo_page.css HTTP/1.1" 304 0
[08/Jun/2015 20:39:47] "GET /resources/media/js/jquery.js HTTP/1.1" 304 0
[08/Jun/2015 20:39:47] "GET /resources/media/css/jquery.dataTables.css HTTP/1.1" 304 0
[08/Jun/2015 20:39:47] "GET /resources/media/js/jquery.dataTables.js HTTP/1.1" 304 0
[08/Jun/2015 20:39:53] "GET /applogic?searchValue=user+list HTTP/1.1" 301 0
[08/Jun/2015 20:39:59] "GET /applogic/?searchValue=user+list HTTP/1.1" 200 1063
[08/Jun/2015 20:41:18] "GET /applogic/?searchValue=user+list HTTP/1.1" 200 1063
[08/Jun/2015 20:42:18] "GET /applogic/?searchValue=user+sync HTTP/1.1" 200 1594
/agent-4.5.2/pdk/lib/spring-core-3.0.5.RELEASE.jar:../../bundles/agent-4.5.2/pdk/lib/hqapi1-4.2.0.jar:../../bundles/agent-4.5.2/pdk/lib/xstream-1.3.1.jar:../../bundles/agent-4.5.2/pdk/lib/sigar-1.6.4.jar:../../bundles/agent-4.5.2/pdk/lib/dom4j-1.6.1.jar:../../bundles/agent-4.5.2/pdk/lib/commons-lang-2.4.jar:../../bundles/agent-4.5.2/pdk/lib/jboss-remoting-2.2.2.SP8.jar:../../bundles/agent-4.5.2/pdk/lib/asm-1.5.3.jar:../../bundles/agent-4.5.2/pdk/lib/org.springframework.roo.file.monitor-1.0.2.RELEASE.jar:../../bundles/agent-4.5.2/pdk/lib/cglib-2.1_3.jar:../../bundles/agent-4.5.2/pdk/lib/serializer-2.7.1.jar:../../bundles/agent-4.5.2/pdk/lib/org.springframework.roo.support-1.0.2.RELEASE.jar:../../bundles/agent-4.5.2/pdk/lib/hq-util-4.5.2.jar:../../bundles/agent-4.5.2/pdk/lib/commons-digester-1.6.jar:../../bundles/agent-4.5.2/pdk/lib/hqee-pdk-4.5.2.jar:../../bundles/agent-4.5.2/pdk/lib/oro-2.0.8.jar:../../bundles/agent-4.5.2/pdk/lib/stax-api-1.0-2.jar:../../bundles/agent-4.5.2/pdk/lib/ant-launcher-1.7.1.jar:../../bundles/agent-4.5.2/pdk/lib/aopalliance-1.0.jar:../../bundles/agent-4.5.2/pdk/lib/jdom-1.1.jar:../../bundles/agent-4.5.2/pdk/lib/spring-asm-3.0.5.RELEASE.jar:../../bundles/agent-4.5.2/pdk/lib/commons-httpclient-3.1.jar:../../bundles/agent-4.5.2/pdk/lib/antlr-2.7.6.jar:../../bundles/agent-4.5.2/pdk/lib/geronimo-j2ee-management_1.0_spec-1.1.jar:../../bundles/agent-4.5.2/pdk/lib/log4j-1.2.14.jar:../../bundles/agent-4.5.2/pdk/lib/jsch-0.1.42.jar:../../bundles/agent-4.5.2/pdk/lib/jopt-simple-3.2.jar:../../bundles/agent-4.5.2/pdk/lib/ant-1.7.1.jar:../../bundles/agent-4.5.2/pdk/lib/commons-logging-1.0.4.jar:../../bundles/agent-4.5.2/pdk/lib/commons-beanutils-1.7.0.jar:../../bundles/agent-4.5.2/pdk/lib/commons-collections-2.1.1.jar:../../bundles/agent-4.5.2/pdk/lib/hibernate-3.2.6.ga.jar:../../bundles/agent-4.5.2/pdk/lib/activation-1.1.jar:../../bundles/agent-4.5.2/pdk/lib/hq-product.jar:../../bundles/agent-4.5.2/pdk/lib/xml-apis-1.3.04.jar:../../bundles/agent-4.5.2/pdk/lib/org.springframework.roo.file.monitor.polling-1.0.2.RELEASE.jar:../../bundles/agent-4.5.2/pdk/lib/spring-expression-3.0.5.RELEASE.jar:../../bundles/agent-4.5.2/pdk/lib/asm-attrs-1.5.3.jar:../../bundles/agent-4.5.2/pdk/lib/spring-context-3.0.5.RELEASE.jar:../../bundles/agent-4.5.2/pdk/lib/jaxb-impl-2.1.jar:../../bundles/agent-4.5.2/pdk/lib/backport-util-concurrent-3.1.jar:../../bundles/agent-4.5.2/pdk/lib/jaxb-xjc-2.1.jar:../../bundles/agent-4.5.2/pdk/lib/snmp4j-1.11.jar:../../bundles/agent-4.5.2/pdk/lib/commons-codec-1.2.jar:../../bundles/agent-4.5.2/pdk/lib/xml-apis-1.0.b2.jar:../../bundles/agent-4.5.2/pdk/lib/xalan-2.7.1.jar:../../bundles/agent-4.5.2/pdk/lib/commons-collections-3.2.1.jar:../../bundles/agent-4.5.2/pdk/lib/hqee-common-4.5.2.jar:../../bundles/agent-4.5.2/pdk/lib/jaxb-api-2.1.jar:../../bundles/agent-4.5.2/pdk/lib/spring-beans-3.0.5.RELEASE.jar:../../bundles/agent-4.5.2/pdk/lib/hq-pdk-4.5.2.jar:../../bundles/agent-4.5.2/pdk/lib/commons-validator-1.3.1.jar:../../bundles/agent-4.5.2/pdk/lib/spring-tx-3.0.5.RELEASE.jar:../../bundles/agent-4.5.2/pdk/lib/hq-common-4.5.2.jar:../../bundles/agent-4.5.2/pdk/lib/localizer-1.0.jar:../../bundles/agent-4.5.2/pdk/lib/velocity-1.6.3.jar:../../bundles/agent-4.5.2/pdk/lib/wadl-core-1.1.20100120.jar:../../bundles/agent-\n')
http://localhost:7080/hqu/hqapi1/user/list.hqu?

http://localhost:7080/hqu/hqapi1/user/list.hqu?

{}
http://localhost:7080/hqu/hqapi1/user/list.hqu?

http://localhost:7080/hqu/hqapi1/user/list.hqu?

{}
http://localhost:7080/hqu/hqapi1/user/list.hqu?

http://localhost:7080/hqu/hqapi1/user/list.hqu?

{}
http://localhost:7080/hqu/hqapi1/user/sync.hqu?

http://localhost:7080/hqu/hqapi1/user/sync.hqu?

<?xml version="1.0" ?>
<UsersResponse>
	<Status>Success</Status>
	<User SMSAddress="" active="true" department="" emailAddress="derryck_arnold@csx.com" firstName="Test" htmlEmail="true" id="10008" lastName="User" name="Test1" passwordHash="sZJU2HXYjnV04pOTUY3JV9Hi5rmYQjN6WiNbtLrsziw=" phoneNumber=""></User>
	<User SMSAddress="" active="true" department="" emailAddress="roy_crowder@csx.com" firstName="Roy" htmlEmail="true" id="10007" lastName="Crowder" name="b1596" passwordHash="gKTjd5aD6+mzH/zdrlPcWa/gBVF03uHi7iPii4yNvkM=" phoneNumber=""></User>
	<User SMSAddress="" active="true" department="" emailAddress="arthur_cochrane@csx.com" firstName="Arthur" htmlEmail="true" id="10005" lastName="Cochrane" name="c3723" passwordHash="gKTjd5aD6+mzH/zdrlPcWa/gBVF03uHi7iPii4yNvkM=" phoneNumber=""></User>
	<User SMSAddress="" active="true" department="" emailAddress="steve_mutmansky@csx.com" firstName="steve " htmlEmail="true" id="10012" lastName="mutmansky" name="e0121" passwordHash="gKTjd5aD6+mzH/zdrlPcWa/gBVF03uHi7iPii4yNvkM=" phoneNumber=""></User>
	<User SMSAddress="" active="true" department="" emailAddress="matt_houser@csx.com" firstName="Matt" htmlEmail="true" id="10006" lastName="Houser" name="f3605" passwordHash="gKTjd5aD6+mzH/zdrlPcWa/gBVF03uHi7iPii4yNvkM=" phoneNumber=""></User>
	<User SMSAddress="" active="false" department="" emailAddress="hqadmin@csxt.csx.com" firstName="Guest User temp" htmlEmail="false" id="2" lastName="User" name="guest" passwordHash="" phoneNumber=""></User>
	<User SMSAddress="" active="true" department="" emailAddress="wayne_jelinek@csx.com" firstName="wayne" htmlEmail="true" id="10013" lastName="jelinek" name="h5733" passwordHash="gKTjd5aD6+mzH/zdrlPcWa/gBVF03uHi7iPii4yNvkM=" phoneNumber=""></User>
	<User SMSAddress="" active="true" department="" emailAddress="john_staub@csx.com" firstName="john" htmlEmail="true" id="10011" lastName="staub" name="h6125" passwordHash="gKTjd5aD6+mzH/zdrlPcWa/gBVF03uHi7iPii4yNvkM=" phoneNumber=""></User>
	


	<User SMSAddress="" active="true" department="" emailAddress="mike_loftus@csx.com" firstName="Mike" htmlEmail="true" id="10009" lastName="Loftus" name="j6551" passwordHash="gKTjd5aD6+mzH/zdrlPcWa/gBVF03uHi7iPii4yNvkM=" phoneNumber=""></User>
	<User SMSAddress="" active="true" department="" emailAddress="ajay_allam@csx.com" firstName="Ajay" htmlEmail="true" id="10004" lastName="Allam" name="j7727" passwordHash="gKTjd5aD6+mzH/zdrlPcWa/gBVF03uHi7iPii4yNvkM=" phoneNumber=""></User>
	<User SMSAddress="" active="true" department="" emailAddress="mike_vizyak@csx.com" firstName="mike" htmlEmail="true" id="10014" lastName="vizyak" name="s7881" passwordHash="gKTjd5aD6+mzH/zdrlPcWa/gBVF03uHi7iPii4yNvkM=" phoneNumber=""></User>
	<User SMSAddress="" active="true" department="" emailAddress="noah_dowd@csx.com" firstName="noah" htmlEmail="true" id="10010" lastName="dowd" name="s9172" passwordHash="gKTjd5aD6+mzH/zdrlPcWa/gBVF03uHi7iPii4yNvkM=" phoneNumber=""></User>
	<User SMSAddress="" active="true" department="" emailAddress="damian_blalock@csx.com" firstName="Damian" htmlEmail="true" id="10016" lastName="Blalock" name="v2460" passwordHash="gKTjd5aD6+mzH/zdrlPcWa/gBVF03uHi7iPii4yNvkM=" phoneNumber=""></User>
	<User SMSAddress="" active="true" department="" emailAddress="jennifer_dale@csx.com" firstName="Jennifer" htmlEmail="true" id="10002" lastName="Dale" name="w3023" passwordHash="gKTjd5aD6+mzH/zdrlPcWa/gBVF03uHi7iPii4yNvkM=" phoneNumber=""></User>
	<User SMSAddress="" active="true" department="" emailAddress="james_lubcke@csx.com" firstName="Jim" htmlEmail="true" id="10001" lastName="Lubcke" name="w6058" passwordHash="9SXXt0YY0NCD/XzsSUEZdl+2cZSUC90f6DdTsYrDBe4=" phoneNumber=""></User>
	<User SMSAddress="" active="true" department="" emailAddress="mark_allen@csx.com" firstName="Mark" htmlEmail="true" id="10003" lastName="Allen" name="w7909" passwordHash="gKTjd5aD6+mzH/zdrlPcWa/gBVF03uHi7iPii4yNvkM=" phoneNumber=""></User>
</UsersResponse>

<?xml version="1.0" ?>
<UsersResponse>
	<Status>Success</Status>
	<User SMSAddress="" active="true" department="" emailAddress="derryck_arnold@csx.com" firstName="Test" htmlEmail="true" id="10008" lastName="User" name="Test1" passwordHash="sZJU2HXYjnV04pOTUY3JV9Hi5rmYQjN6WiNbtLrsziw=" phoneNumber=""></User>
	<User SMSAddress="" active="true" department="" emailAddress="roy_crowder@csx.com" firstName="Roy" htmlEmail="true" id="10007" lastName="Crowder" name="b1596" passwordHash="gKTjd5aD6+mzH/zdrlPcWa/[08/Jun/2015 20:42:22] "POST /applogic/ HTTP/1.1" 200 84
[08/Jun/2015 20:42:28] "GET /logout?submit=logout HTTP/1.1" 301 0
[08/Jun/2015 20:42:28] "GET /logout/?submit=logout HTTP/1.1" 302 0
[08/Jun/2015 20:42:29] "GET / HTTP/1.1" 200 972
[08/Jun/2015 20:42:32] "GET / HTTP/1.1" 200 972
[08/Jun/2015 20:43:22] "POST / HTTP/1.1" 200 5289
[08/Jun/2015 20:43:25] "GET /applogic?searchValue=user+list HTTP/1.1" 301 0
[08/Jun/2015 20:43:25] "GET /applogic/?searchValue=user+list HTTP/1.1" 200 371
[08/Jun/2015 20:44:46] "GET /applogic?searchValue=user+sync HTTP/1.1" 301 0
[08/Jun/2015 20:44:47] "GET /applogic/?searchValue=user+sync HTTP/1.1" 200 902
[08/Jun/2015 20:44:51] "GET /logout?submit=logout HTTP/1.1" 301 0
[08/Jun/2015 20:44:51] "GET /logout/?submit=logout HTTP/1.1" 302 0
[08/Jun/2015 20:44:51] "GET / HTTP/1.1" 200 972
kickstart.sh: line 4: 19571 Killed                  /opt/local/software/hyperic/utils/python2.7/bin/python manage.py runserver 0.0.0.0:8000
